<?xml version="1.0" encoding="UTF-8"?>
<!-- Generated by org.testng.reporters.JUnitReportReporter -->
<testsuite skipped="0" hostname="srinath-PC" name="test.globalparameters" tests="1" failures="0" timestamp="07 Mar 2019 19:47:42 GMT" time="6.889" errors="0">
  <testcase name="Login" time="6.889" classname="test.globalparameters"/>
</testsuite> <!-- test.globalparameters -->
