<?xml version="1.0" encoding="UTF-8"?>
<!-- Generated by org.testng.reporters.JUnitReportReporter -->
<testsuite skipped="0" hostname="srinath-PC" name="test.Day2" tests="1" failures="0" timestamp="07 Mar 2019 19:47:42 GMT" time="0.015" errors="0">
  <testcase name="demo3" time="0.015" classname="test.Day2"/>
</testsuite> <!-- test.Day2 -->
