<?xml version="1.0" encoding="UTF-8"?>
<!-- Generated by org.testng.reporters.JUnitReportReporter -->
<testsuite skipped="1" hostname="srinath-PC" name="test.Day1" tests="2" failures="0" timestamp="07 Mar 2019 19:47:42 GMT" time="0.047" errors="0">
  <testcase name="demo2" time="0.047" classname="test.Day1"/>
  <testcase name="demo" classname="test.Day1">
    <skipped/>
  </testcase> <!-- demo -->
</testsuite> <!-- test.Day1 -->
