<?xml version="1.0" encoding="UTF-8"?>
<!-- Generated by org.testng.reporters.JUnitReportReporter -->
<testsuite skipped="0" hostname="srinath-PC" name="test.Day3" tests="5" failures="0" timestamp="07 Mar 2019 19:47:42 GMT" time="0.063" errors="0">
  <testcase name="ApiLoginCarLoan" time="0.016" classname="test.Day3"/>
  <testcase name="MobileLoginCarLoan" time="0.016" classname="test.Day3"/>
  <testcase name="MobileSigninCarLoan" time="0.000" classname="test.Day3"/>
  <testcase name="WebLoginCarLoan" time="0.015" classname="test.Day3"/>
  <testcase name="MobileLogoutCarLoan" time="0.016" classname="test.Day3"/>
</testsuite> <!-- test.Day3 -->
