<?xml version="1.0" encoding="UTF-8"?>
<!-- Generated by org.testng.reporters.JUnitReportReporter -->
<testsuite skipped="0" hostname="srinath-PC" name="test.Day5" tests="3" failures="0" timestamp="07 Mar 2019 19:47:42 GMT" time="0.031" errors="0">
  <testcase name="MobileLoginHomeLoan" time="0.000" classname="test.Day5"/>
  <testcase name="MobileLoginHomeLoan" time="0.016" classname="test.Day5"/>
  <testcase name="MobileLoginHomeLoan" time="0.015" classname="test.Day5"/>
</testsuite> <!-- test.Day5 -->
