<?xml version="1.0" encoding="UTF-8"?>
<!-- Generated by org.testng.reporters.JUnitReportReporter -->
<testsuite skipped="0" hostname="srinath-PC" name="test.Inheritence" tests="3" failures="0" timestamp="07 Mar 2019 19:47:42 GMT" time="14.398" errors="0">
  <testcase name="openingbrowser" time="5.065" classname="test.Inheritence"/>
  <testcase name="flightbooking" time="4.704" classname="test.Inheritence"/>
  <testcase name="Login" time="4.629" classname="test.Inheritence"/>
</testsuite> <!-- test.Inheritence -->
